<?xml version="1.0" encoding="UTF-8"?>
<!-- Generated by org.testng.reporters.JUnitXMLReporter -->
<testsuite ignored="0" hostname="EC2AMAZ-D9GMPCC" failures="1" tests="2" name="GetUserTest" time="1.019" errors="0" timestamp="2023-07-19T14:34:26 GMT">
  <testcase classname="chaining.GetUser" name="getAllUsers" time="1.004"/>
  <testcase classname="chaining.GetUser" name="getUserById" time="0.001">
    <failure type="java.lang.NullPointerException" message="Cannot invoke &amp;quot;java.lang.Integer.intValue()&amp;quot; because the return value of &amp;quot;org.testng.ITestContext.getAttribute(String)&amp;quot; is null">
      <![CDATA[java.lang.NullPointerException: Cannot invoke "java.lang.Integer.intValue()" because the return value of "org.testng.ITestContext.getAttribute(String)" is null
at chaining.GetUser.getUserById(GetUser.java:29)
at java.base/java.util.ArrayList.forEach(ArrayList.java:1511)
... Removed 27 stack frames]]>
    </failure>
  </testcase> <!-- getUserById -->
</testsuite> <!-- GetUserTest -->
